<?xml version="1.0" encoding="UTF-8"?>
<!-- Generated by org.testng.reporters.JUnitReportReporter -->
<testsuite hostname="LAPTOP-N3KE276P" failures="0" tests="3" name="testCases.ShopCluesTC" time="137.238" errors="0" timestamp="2022-04-04T10:06:13 EDT" skipped="0">
  <testcase classname="testCases.ShopCluesTC" name="scenario1" time="76.505"/>
  <system-out/>
  <testcase classname="testCases.ShopCluesTC" name="scenario2" time="29.696"/>
  <system-out/>
  <testcase classname="testCases.ShopCluesTC" name="scenario3" time="31.037"/>
  <system-out/>
</testsuite> <!-- testCases.ShopCluesTC -->
